<?xml version="1.0" encoding="UTF-8"?>
<!-- Generated by org.testng.reporters.JUnitXMLReporter -->
<testsuite hostname="LAPTOP-M6F29H3O" ignored="0" name="RediffRunnerTest" tests="3" failures="0" timestamp="15 May 2020 07:13:22 GMT" time="31.779" errors="0">
  <testcase name="runScenario" time="9.649" classname="io.cucumber.testng.AbstractTestNGCucumberTests"/>
  <testcase name="runScenario" time="11.474" classname="io.cucumber.testng.AbstractTestNGCucumberTests"/>
  <testcase name="runScenario" time="10.391" classname="io.cucumber.testng.AbstractTestNGCucumberTests"/>
</testsuite> <!-- RediffRunnerTest -->
