<?xml version="1.0" encoding="UTF-8"?>
<testng-results skipped="0" failed="0" ignored="0" total="1" passed="1">
  <reporter-output>
  </reporter-output>
  <suite name="Surefire suite" duration-ms="154" started-at="2020-05-15T11:55:37 IST" finished-at="2020-05-15T11:55:37 IST">
    <groups>
    </groups>
    <test name="Surefire test" duration-ms="154" started-at="2020-05-15T11:55:37 IST" finished-at="2020-05-15T11:55:37 IST">
      <class name="com.rediff.Rediff.com.AppTest">
        <test-method status="PASS" signature="testApp()" name="testApp" duration-ms="16" started-at="2020-05-15T11:55:37 IST" finished-at="2020-05-15T11:55:37 IST">
          <reporter-output>
          </reporter-output>
        </test-method> <!-- testApp -->
      </class> <!-- com.rediff.Rediff.com.AppTest -->
    </test> <!-- Surefire test -->
  </suite> <!-- Surefire suite -->
</testng-results>
