<?xml version="1.0" encoding="UTF-8"?>
<testng-results skipped="0" failed="0" ignored="0" total="3" passed="3">
  <reporter-output>
  </reporter-output>
  <suite name="Suite" duration-ms="31779" started-at="2020-05-15T07:12:50Z" finished-at="2020-05-15T07:13:22Z">
    <groups>
      <group name="cucumber">
        <method signature="AbstractTestNGCucumberTests.runScenario(io.cucumber.testng.PickleEventWrapper, io.cucumber.testng.CucumberFeatureWrapper)[pri:0, instance:com.rediff.CucumberOptions.RediffRunner@13deb50e]" name="runScenario" class="io.cucumber.testng.AbstractTestNGCucumberTests"/>
      </group> <!-- cucumber -->
    </groups>
    <test name="RediffRunnerTest" duration-ms="31779" started-at="2020-05-15T07:12:50Z" finished-at="2020-05-15T07:13:22Z">
      <class name="com.rediff.CucumberOptions.RediffRunner">
        <test-method status="PASS" signature="setUpClass()[pri:0, instance:com.rediff.CucumberOptions.RediffRunner@13deb50e]" name="setUpClass" is-config="true" duration-ms="174" started-at="2020-05-15T07:12:50Z" finished-at="2020-05-15T07:12:50Z">
          <reporter-output>
          </reporter-output>
        </test-method> <!-- setUpClass -->
        <test-method status="PASS" signature="runScenario(io.cucumber.testng.PickleEventWrapper, io.cucumber.testng.CucumberFeatureWrapper)[pri:0, instance:com.rediff.CucumberOptions.RediffRunner@13deb50e]" name="runScenario" duration-ms="9649" started-at="2020-05-15T07:12:50Z" description="Runs Cucumber Scenarios" data-provider="scenarios" finished-at="2020-05-15T07:13:00Z">
          <params>
            <param index="0">
              <value>
                <![CDATA["To test Sign in Page"]]>
              </value>
            </param>
            <param index="1">
              <value>
                <![CDATA["Validate the Sign in Page"]]>
              </value>
            </param>
          </params>
          <reporter-output>
          </reporter-output>
        </test-method> <!-- runScenario -->
        <test-method status="PASS" signature="runScenario(io.cucumber.testng.PickleEventWrapper, io.cucumber.testng.CucumberFeatureWrapper)[pri:0, instance:com.rediff.CucumberOptions.RediffRunner@13deb50e]" name="runScenario" duration-ms="11474" started-at="2020-05-15T07:13:00Z" description="Runs Cucumber Scenarios" data-provider="scenarios" finished-at="2020-05-15T07:13:12Z">
          <params>
            <param index="0">
              <value>
                <![CDATA["To Checks the Login Functionality"]]>
              </value>
            </param>
            <param index="1">
              <value>
                <![CDATA["To test Login Page in HomePage"]]>
              </value>
            </param>
          </params>
          <reporter-output>
          </reporter-output>
        </test-method> <!-- runScenario -->
        <test-method status="PASS" signature="runScenario(io.cucumber.testng.PickleEventWrapper, io.cucumber.testng.CucumberFeatureWrapper)[pri:0, instance:com.rediff.CucumberOptions.RediffRunner@13deb50e]" name="runScenario" duration-ms="10391" started-at="2020-05-15T07:13:12Z" description="Runs Cucumber Scenarios" data-provider="scenarios" finished-at="2020-05-15T07:13:22Z">
          <params>
            <param index="0">
              <value>
                <![CDATA["To Checks the Login Functionality"]]>
              </value>
            </param>
            <param index="1">
              <value>
                <![CDATA["To test Login Page in HomePage"]]>
              </value>
            </param>
          </params>
          <reporter-output>
          </reporter-output>
        </test-method> <!-- runScenario -->
        <test-method status="PASS" signature="tearDownClass()[pri:0, instance:com.rediff.CucumberOptions.RediffRunner@13deb50e]" name="tearDownClass" is-config="true" duration-ms="6" started-at="2020-05-15T07:13:22Z" finished-at="2020-05-15T07:13:22Z">
          <reporter-output>
          </reporter-output>
        </test-method> <!-- tearDownClass -->
      </class> <!-- com.rediff.CucumberOptions.RediffRunner -->
    </test> <!-- RediffRunnerTest -->
  </suite> <!-- Suite -->
</testng-results>
